<?xml version="1.0" encoding="UTF-8"?>
<!--
  #%L
  How to get Auto-Generated Key with JdbcTemplate
  %%
  Copyright (C) 2012 - 2015 Java Creed
  %%
  Licensed under the Apache License, Version 2.0 (the "License");
  you may not use this file except in compliance with the License.
  You may obtain a copy of the License at
  
       http://www.apache.org/licenses/LICENSE-2.0
  
  Unless required by applicable law or agreed to in writing, software
  distributed under the License is distributed on an "AS IS" BASIS,
  WITHOUT WARRANTIES OR CONDITIONS OF ANY KIND, either express or implied.
  See the License for the specific language governing permissions and
  limitations under the License.
  #L%
  -->

<beans xmlns="http://www.springframework.org/schema/beans" xmlns:xsi="http://www.w3.org/2001/XMLSchema-instance" xmlns:context="http://www.springframework.org/schema/context"
	xmlns:jdbc="http://www.springframework.org/schema/jdbc"
	xsi:schemaLocation="http://www.springframework.org/schema/jdbc http://www.springframework.org/schema/jdbc/spring-jdbc-4.0.xsd
		http://www.springframework.org/schema/beans http://www.springframework.org/schema/beans/spring-beans-4.0.xsd
		http://www.springframework.org/schema/context http://www.springframework.org/schema/context/spring-context-4.0.xsd">

	<context:annotation-config />

	<bean id="dataSource" class="com.mchange.v2.c3p0.ComboPooledDataSource">
		<property name="driverClass" value="org.h2.Driver" />
		<property name="jdbcUrl" value="jdbc:h2:mem:db;DB_CLOSE_ON_EXIT=FALSE" />
		<property name="user" value="sa" />
		<property name="password" value="" />
		<property name="acquireRetryAttempts" value="2" />
		<property name="maxStatements" value="1" />
	</bean>

	<jdbc:initialize-database data-source="dataSource">
		<jdbc:script location="classpath:database/db.sql" />
	</jdbc:initialize-database>

	<bean id="jdbcTemplate" class="org.springframework.jdbc.core.JdbcTemplate">
		<constructor-arg ref="dataSource" />
	</bean>

	<bean id="exampleDao" class="com.javacreed.examples.spring.ExampleDao" />
</beans>